0 info it worked if it ends with ok
1 verbose cli [ 'node', '/usr/local/bin/npm', 'publish' ]
2 info using npm@1.3.24
3 info using node@v0.10.25
4 verbose publish [ '.' ]
5 verbose cache add [ '.', null ]
6 verbose cache add name=undefined spec="." args=[".",null]
7 verbose parsed url { protocol: null,
7 verbose parsed url   slashes: null,
7 verbose parsed url   auth: null,
7 verbose parsed url   host: null,
7 verbose parsed url   port: null,
7 verbose parsed url   hostname: null,
7 verbose parsed url   hash: null,
7 verbose parsed url   search: null,
7 verbose parsed url   query: null,
7 verbose parsed url   pathname: '.',
7 verbose parsed url   path: '.',
7 verbose parsed url   href: '.' }
8 silly lockFile 3a52ce78- .
9 verbose lock . /Users/cmartin/.npm/3a52ce78-.lock
10 verbose tar pack [ '/Users/cmartin/tmp/npm-45091-yGKov0U4/1391645913654-0.7785194288007915/tmp.tgz',
10 verbose tar pack   '.' ]
11 verbose tarball /Users/cmartin/tmp/npm-45091-yGKov0U4/1391645913654-0.7785194288007915/tmp.tgz
12 verbose folder .
13 info prepublish sftp-upload@0.0.5
14 silly lockFile 1f1177db-tar tar://.
15 verbose lock tar://. /Users/cmartin/.npm/1f1177db-tar.lock
16 silly lockFile 15bfbf98-13654-0-7785194288007915-tmp-tgz tar:///Users/cmartin/tmp/npm-45091-yGKov0U4/1391645913654-0.7785194288007915/tmp.tgz
17 verbose lock tar:///Users/cmartin/tmp/npm-45091-yGKov0U4/1391645913654-0.7785194288007915/tmp.tgz /Users/cmartin/.npm/15bfbf98-13654-0-7785194288007915-tmp-tgz.lock
18 silly lockFile 1f1177db-tar tar://.
19 silly lockFile 1f1177db-tar tar://.
20 silly lockFile 15bfbf98-13654-0-7785194288007915-tmp-tgz tar:///Users/cmartin/tmp/npm-45091-yGKov0U4/1391645913654-0.7785194288007915/tmp.tgz
21 silly lockFile 15bfbf98-13654-0-7785194288007915-tmp-tgz tar:///Users/cmartin/tmp/npm-45091-yGKov0U4/1391645913654-0.7785194288007915/tmp.tgz
22 verbose tar unpack /Users/cmartin/tmp/npm-45091-yGKov0U4/1391645913654-0.7785194288007915/tmp.tgz
23 silly lockFile 9eaea9a7-13654-0-7785194288007915-package tar:///Users/cmartin/tmp/npm-45091-yGKov0U4/1391645913654-0.7785194288007915/package
24 verbose lock tar:///Users/cmartin/tmp/npm-45091-yGKov0U4/1391645913654-0.7785194288007915/package /Users/cmartin/.npm/9eaea9a7-13654-0-7785194288007915-package.lock
25 silly lockFile 15bfbf98-13654-0-7785194288007915-tmp-tgz tar:///Users/cmartin/tmp/npm-45091-yGKov0U4/1391645913654-0.7785194288007915/tmp.tgz
26 verbose lock tar:///Users/cmartin/tmp/npm-45091-yGKov0U4/1391645913654-0.7785194288007915/tmp.tgz /Users/cmartin/.npm/15bfbf98-13654-0-7785194288007915-tmp-tgz.lock
27 silly gunzTarPerm modes [ '755', '644' ]
28 silly gunzTarPerm extractEntry package.json
29 silly gunzTarPerm extractEntry README.md
30 silly gunzTarPerm extractEntry lib/sftp-upload.js
31 silly lockFile 9eaea9a7-13654-0-7785194288007915-package tar:///Users/cmartin/tmp/npm-45091-yGKov0U4/1391645913654-0.7785194288007915/package
32 silly lockFile 9eaea9a7-13654-0-7785194288007915-package tar:///Users/cmartin/tmp/npm-45091-yGKov0U4/1391645913654-0.7785194288007915/package
33 silly lockFile 15bfbf98-13654-0-7785194288007915-tmp-tgz tar:///Users/cmartin/tmp/npm-45091-yGKov0U4/1391645913654-0.7785194288007915/tmp.tgz
34 silly lockFile 15bfbf98-13654-0-7785194288007915-tmp-tgz tar:///Users/cmartin/tmp/npm-45091-yGKov0U4/1391645913654-0.7785194288007915/tmp.tgz
35 verbose tar pack [ '/Users/cmartin/.npm/sftp-upload/0.0.5/package.tgz',
35 verbose tar pack   '/Users/cmartin/tmp/npm-45091-yGKov0U4/1391645913654-0.7785194288007915/package' ]
36 verbose tarball /Users/cmartin/.npm/sftp-upload/0.0.5/package.tgz
37 verbose folder /Users/cmartin/tmp/npm-45091-yGKov0U4/1391645913654-0.7785194288007915/package
38 silly lockFile 9eaea9a7-13654-0-7785194288007915-package tar:///Users/cmartin/tmp/npm-45091-yGKov0U4/1391645913654-0.7785194288007915/package
39 verbose lock tar:///Users/cmartin/tmp/npm-45091-yGKov0U4/1391645913654-0.7785194288007915/package /Users/cmartin/.npm/9eaea9a7-13654-0-7785194288007915-package.lock
40 silly lockFile eb0098ae-pm-sftp-upload-0-0-5-package-tgz tar:///Users/cmartin/.npm/sftp-upload/0.0.5/package.tgz
41 verbose lock tar:///Users/cmartin/.npm/sftp-upload/0.0.5/package.tgz /Users/cmartin/.npm/eb0098ae-pm-sftp-upload-0-0-5-package-tgz.lock
42 silly lockFile 9eaea9a7-13654-0-7785194288007915-package tar:///Users/cmartin/tmp/npm-45091-yGKov0U4/1391645913654-0.7785194288007915/package
43 silly lockFile 9eaea9a7-13654-0-7785194288007915-package tar:///Users/cmartin/tmp/npm-45091-yGKov0U4/1391645913654-0.7785194288007915/package
44 silly lockFile eb0098ae-pm-sftp-upload-0-0-5-package-tgz tar:///Users/cmartin/.npm/sftp-upload/0.0.5/package.tgz
45 silly lockFile eb0098ae-pm-sftp-upload-0-0-5-package-tgz tar:///Users/cmartin/.npm/sftp-upload/0.0.5/package.tgz
46 silly lockFile c570c1ef-in-npm-sftp-upload-0-0-5-package /Users/cmartin/.npm/sftp-upload/0.0.5/package
47 verbose lock /Users/cmartin/.npm/sftp-upload/0.0.5/package /Users/cmartin/.npm/c570c1ef-in-npm-sftp-upload-0-0-5-package.lock
48 silly lockFile c570c1ef-in-npm-sftp-upload-0-0-5-package /Users/cmartin/.npm/sftp-upload/0.0.5/package
49 silly lockFile c570c1ef-in-npm-sftp-upload-0-0-5-package /Users/cmartin/.npm/sftp-upload/0.0.5/package
50 verbose tar unpack /Users/cmartin/.npm/sftp-upload/0.0.5/package.tgz
51 silly lockFile 5b2f3204-in-npm-sftp-upload-0-0-5-package tar:///Users/cmartin/.npm/sftp-upload/0.0.5/package
52 verbose lock tar:///Users/cmartin/.npm/sftp-upload/0.0.5/package /Users/cmartin/.npm/5b2f3204-in-npm-sftp-upload-0-0-5-package.lock
53 silly lockFile eb0098ae-pm-sftp-upload-0-0-5-package-tgz tar:///Users/cmartin/.npm/sftp-upload/0.0.5/package.tgz
54 verbose lock tar:///Users/cmartin/.npm/sftp-upload/0.0.5/package.tgz /Users/cmartin/.npm/eb0098ae-pm-sftp-upload-0-0-5-package-tgz.lock
55 silly gunzTarPerm modes [ '755', '644' ]
56 silly gunzTarPerm extractEntry package.json
57 silly gunzTarPerm extractEntry README.md
58 silly gunzTarPerm extractEntry lib/sftp-upload.js
59 silly lockFile 5b2f3204-in-npm-sftp-upload-0-0-5-package tar:///Users/cmartin/.npm/sftp-upload/0.0.5/package
60 silly lockFile 5b2f3204-in-npm-sftp-upload-0-0-5-package tar:///Users/cmartin/.npm/sftp-upload/0.0.5/package
61 silly lockFile eb0098ae-pm-sftp-upload-0-0-5-package-tgz tar:///Users/cmartin/.npm/sftp-upload/0.0.5/package.tgz
62 silly lockFile eb0098ae-pm-sftp-upload-0-0-5-package-tgz tar:///Users/cmartin/.npm/sftp-upload/0.0.5/package.tgz
63 verbose chmod /Users/cmartin/.npm/sftp-upload/0.0.5/package.tgz 644
64 verbose chown /Users/cmartin/.npm/sftp-upload/0.0.5/package.tgz [ 0, 1428752783 ]
65 silly lockFile 3a52ce78- .
66 silly lockFile 3a52ce78- .
67 silly publish { name: 'sftp-upload',
67 silly publish   version: '0.0.5',
67 silly publish   description: 'Upload an entire directory to a remote sftp server.',
67 silly publish   main: './lib/sftp-upload.js',
67 silly publish   scripts: { test: 'echo "Error: no test specified" && exit 1' },
67 silly publish   repository:
67 silly publish    { type: 'git',
67 silly publish      url: 'https://github.com/pirumpi/sftp-upload.git' },
67 silly publish   keywords: [ 'sftp', 'upload', 'ssh' ],
67 silly publish   author: { name: 'Carlos Martin' },
67 silly publish   license: 'BSD-2-Clause',
67 silly publish   bugs: { url: 'https://github.com/pirumpi/sftp-upload/issues' },
67 silly publish   dependencies: { scp2: '~0.1.4', 'node.extend': '~1.0.9', async: '~0.2.10' },
67 silly publish   readme: '# [SFTP-UPLOAD](https://npmjs.org/package/sftp-upload)\n\nsftp-upload allows node to upload the content of a folder to a remote server utilizing sftp protocol. The idea behind this modules is to simplify the ssh2 interface for sftp. This module has not OS dependencies so it can be run from Windows, Mac, and Linux.\n\n## Getting Started\nThis module depends on: `ssh2`  and `scp2`\n```bash\n\tnpm install sftp-upload\n```\n\nYou must configure the sftp before attempting to upload files. The following parameters are required in the sftp.config object.\n\n- **host:** Remote server IP/Hostname.\n- **port:** sftp port, 22 by default.\n- **username:** sftp server\'s username.\n- **path:** Location of the directory that is going to be uploaded to the server.\n- **remoteDir:** Remote directory where files are going to be uploaded.\n- **privateKey:** RSA key, you must upload a public key to the remote server before attempting to upload any content.\n\n### Example\n```js\n    var sftp = require(\'sftp-upload\'),\n        fs = require(\'fs\');\n        \n    sftp.config({\n        host:\'localhost\',\n        username:\'root\',\n        path: \'/\',\n        remoteDir: \'/tempDir\',\n        privateKey: fs.readFileSync(\'privateKey_rsa\')\n    })\n    .on(\'error\', function(err){\n        throw err;\n    })\n    .on(\'uploading\', function(pgs){\n        console.log(\'Uploading\', pgs.file);\n        console.log(pgs.percent+\'% completed\');\n    })\n    .on(\'completed\', function(){\n        console.log(\'Upload Completed\');\n    })\n    .upload();\n```\n\n### Events\n\n- connect\n- uploading ({file: currentFile, percent: percentage left})\n- error (err)\n- completed\n\n## License \n\n(The BSD License)\n\nCopyright (c) 2014 Carlos Martin &lt;pirumpi@gmail.comt&gt;\n\nPermission is hereby granted, free of charge, to any person obtaining\na copy of this software and associated documentation files (the\n\'Software\'), to deal in the Software without restriction, including\nwithout limitation the rights to use, copy, modify, merge, publish,\ndistribute, sublicense, and/or sell copies of the Software, and to\npermit persons to whom the Software is furnished to do so, subject to\nthe following conditions:\n\nThe above copyright notice and this permission notice shall be\nincluded in all copies or substantial portions of the Software.\n\nTHE SOFTWARE IS PROVIDED \'AS IS\', WITHOUT WARRANTY OF ANY KIND,\nEXPRESS OR IMPLIED, INCLUDING BUT NOT LIMITED TO THE WARRANTIES OF\nMERCHANTABILITY, FITNESS FOR A PARTICULAR PURPOSE AND NONINFRINGEMENT.\nIN NO EVENT SHALL THE AUTHORS OR COPYRIGHT HOLDERS BE LIABLE FOR ANY\nCLAIM, DAMAGES OR OTHER LIABILITY, WHETHER IN AN ACTION OF CONTRACT,\nTORT OR OTHERWISE, ARISING FROM, OUT OF OR IN CONNECTION WITH THE\nSOFTWARE OR THE USE OR OTHER DEALINGS IN THE SOFTWARE.\n',
67 silly publish   readmeFilename: 'README.md',
67 silly publish   homepage: 'https://github.com/pirumpi/sftp-upload',
67 silly publish   _id: 'sftp-upload@0.0.5',
67 silly publish   dist: { shasum: '36241027f7555e5a099f3367c88a73004a6d844d' },
67 silly publish   _from: '.' }
68 verbose url raw sftp-upload
69 verbose url resolving [ 'https://registry.npmjs.org/', './sftp-upload' ]
70 verbose url resolved https://registry.npmjs.org/sftp-upload
71 info trying registry request attempt 1 at 17:18:33
72 http PUT https://registry.npmjs.org/sftp-upload
73 http 409 https://registry.npmjs.org/sftp-upload
74 verbose url raw sftp-upload
75 verbose url resolving [ 'https://registry.npmjs.org/', './sftp-upload' ]
76 verbose url resolved https://registry.npmjs.org/sftp-upload
77 info trying registry request attempt 1 at 17:18:34
78 http GET https://registry.npmjs.org/sftp-upload
79 http 200 https://registry.npmjs.org/sftp-upload
80 verbose url raw sftp-upload
81 verbose url resolving [ 'https://registry.npmjs.org/', './sftp-upload' ]
82 verbose url resolved https://registry.npmjs.org/sftp-upload
83 info trying registry request attempt 1 at 17:18:36
84 http PUT https://registry.npmjs.org/sftp-upload
85 http 403 https://registry.npmjs.org/sftp-upload
86 info trying registry request attempt 1 at 17:18:37
87 http PUT https://registry.npmjs.org/sftp-upload
88 http 403 https://registry.npmjs.org/sftp-upload
89 error Error: forbidden name invalid: undefined: sftp-upload
89 error     at RegClient.<anonymous> (/usr/local/lib/node_modules/npm/node_modules/npm-registry-client/lib/request.js:275:14)
89 error     at Request.self.callback (/usr/local/lib/node_modules/npm/node_modules/request/request.js:123:22)
89 error     at Request.EventEmitter.emit (events.js:98:17)
89 error     at Request.<anonymous> (/usr/local/lib/node_modules/npm/node_modules/request/request.js:893:14)
89 error     at Request.EventEmitter.emit (events.js:117:20)
89 error     at IncomingMessage.<anonymous> (/usr/local/lib/node_modules/npm/node_modules/request/request.js:844:12)
89 error     at IncomingMessage.EventEmitter.emit (events.js:117:20)
89 error     at _stream_readable.js:920:16
89 error     at process._tickCallback (node.js:415:13)
90 error If you need help, you may report this *entire* log,
90 error including the npm and node versions, at:
90 error     <http://github.com/isaacs/npm/issues>
91 error System Darwin 13.0.0
92 error command "node" "/usr/local/bin/npm" "publish"
93 error cwd /Users/cmartin/Documents/SFTP-Upload/sftp-upload
94 error node -v v0.10.25
95 error npm -v 1.3.24
96 verbose exit [ 1, true ]
